<?xml version="1.0" encoding="UTF-8"?>
<!-- Generated by org.testng.reporters.JUnitXMLReporter -->
<testsuite ignored="0" hostname="Mukhila" failures="1" tests="1" name="LoginTest" time="4.73" errors="0" timestamp="2026-06-02T12:20:54 IST">
  <testcase classname="test.LoginTest" name="verifyLogin" time="2.904">
    <failure type="org.openqa.selenium.NoSuchElementException" message="no such element: Unable to locate element: {&amp;quot;method&amp;quot;:&amp;quot;css selector&amp;quot;,&amp;quot;selector&amp;quot;:&amp;quot;*[name=&amp;apos;username&amp;apos;]&amp;quot;}
  (Session info: chrome=148.0.7778.178)
For documentation on this error, please visit: https://www.selenium.dev/documentation/webdriver/troubleshooting/errors#no-such-element-exception
Build info: version: &amp;apos;4.27.0&amp;apos;, revision: &amp;apos;d6e718d134&amp;apos;
System info: os.name: &amp;apos;Windows 11&amp;apos;, os.arch: &amp;apos;amd64&amp;apos;, os.version: &amp;apos;10.0&amp;apos;, java.version: &amp;apos;17.0.7&amp;apos;
Driver info: org.openqa.selenium.remote.RemoteWebDriver
Command: [eb7b7e7eadc23726478edef117462b32, findElement {using=name, value=username}]
Capabilities {acceptInsecureCerts: false, browserName: chrome, browserVersion: 148.0.7778.178, chrome: {chromedriverVersion: 148.0.7778.178 (d096af1c9e9..., userDataDir: /tmp/org.chromium.Chromium....}, fedcm:accounts: true, goog:chromeOptions: {debuggerAddress: localhost:39425}, goog:processID: 1058, networkConnectionEnabled: false, pageLoadStrategy: normal, platformName: linux, proxy: Proxy(), se:bidiEnabled: false, se:cdp: ws://172.17.0.2:4444/sessio..., se:cdpVersion: 148.0.7778.178, se:containerName: e991bcb771b4, se:deleteSessionOnUi: true, se:downloadsEnabled: true, se:noVncPort: 7900, se:vnc: ws://172.17.0.2:4444/sessio..., se:vncEnabled: true, se:vncLocalAddress: ws://172.17.0.2:7900, setWindowRect: true, strictFileInteractability: false, timeouts: {implicit: 0, pageLoad: 300000, script: 30000}, unhandledPromptBehavior: dismiss and notify, webauthn:extension:credBlob: true, webauthn:extension:largeBlob: true, webauthn:extension:minPinLength: true, webauthn:extension:prf: true, webauthn:virtualAuthenticators: true}
Session ID: eb7b7e7eadc23726478edef117462b32">
      <![CDATA[org.openqa.selenium.NoSuchElementException: no such element: Unable to locate element: {"method":"css selector","selector":"*[name='username']"}
  (Session info: chrome=148.0.7778.178)
For documentation on this error, please visit: https://www.selenium.dev/documentation/webdriver/troubleshooting/errors#no-such-element-exception
Build info: version: '4.27.0', revision: 'd6e718d134'
System info: os.name: 'Windows 11', os.arch: 'amd64', os.version: '10.0', java.version: '17.0.7'
Driver info: org.openqa.selenium.remote.RemoteWebDriver
Command: [eb7b7e7eadc23726478edef117462b32, findElement {using=name, value=username}]
Capabilities {acceptInsecureCerts: false, browserName: chrome, browserVersion: 148.0.7778.178, chrome: {chromedriverVersion: 148.0.7778.178 (d096af1c9e9..., userDataDir: /tmp/org.chromium.Chromium....}, fedcm:accounts: true, goog:chromeOptions: {debuggerAddress: localhost:39425}, goog:processID: 1058, networkConnectionEnabled: false, pageLoadStrategy: normal, platformName: linux, proxy: Proxy(), se:bidiEnabled: false, se:cdp: ws://172.17.0.2:4444/sessio..., se:cdpVersion: 148.0.7778.178, se:containerName: e991bcb771b4, se:deleteSessionOnUi: true, se:downloadsEnabled: true, se:noVncPort: 7900, se:vnc: ws://172.17.0.2:4444/sessio..., se:vncEnabled: true, se:vncLocalAddress: ws://172.17.0.2:7900, setWindowRect: true, strictFileInteractability: false, timeouts: {implicit: 0, pageLoad: 300000, script: 30000}, unhandledPromptBehavior: dismiss and notify, webauthn:extension:credBlob: true, webauthn:extension:largeBlob: true, webauthn:extension:minPinLength: true, webauthn:extension:prf: true, webauthn:virtualAuthenticators: true}
Session ID: eb7b7e7eadc23726478edef117462b32
at org.openqa.selenium.remote.ErrorCodec.decode(ErrorCodec.java:167)
at org.openqa.selenium.remote.codec.w3c.W3CHttpResponseCodec.decode(W3CHttpResponseCodec.java:138)
at org.openqa.selenium.remote.codec.w3c.W3CHttpResponseCodec.decode(W3CHttpResponseCodec.java:50)
at org.openqa.selenium.remote.HttpCommandExecutor.execute(HttpCommandExecutor.java:190)
at org.openqa.selenium.remote.TracedCommandExecutor.execute(TracedCommandExecutor.java:53)
at org.openqa.selenium.remote.RemoteWebDriver.execute(RemoteWebDriver.java:545)
at org.openqa.selenium.remote.ElementLocation$ElementFinder$2.findElement(ElementLocation.java:165)
at org.openqa.selenium.remote.ElementLocation.findElement(ElementLocation.java:66)
at org.openqa.selenium.remote.RemoteWebDriver.findElement(RemoteWebDriver.java:368)
at org.openqa.selenium.remote.RemoteWebDriver.findElement(RemoteWebDriver.java:362)
at test.LoginTest.verifyLogin(LoginTest.java:16)
at java.base/java.util.ArrayList.forEach(ArrayList.java:1511)
... Removed 32 stack frames]]>
    </failure>
  </testcase> <!-- verifyLogin -->
</testsuite> <!-- LoginTest -->
