<?xml version="1.0" encoding="UTF-8"?>
<!-- Generated by org.testng.reporters.JUnitReportReporter -->
<testsuite hostname="Shaurya" failures="0" tests="4" name="Tests.TableTest" time="20.961" errors="0" timestamp="2026-06-10T12:05:20 IST" skipped="0">
  <testcase classname="Tests.TableTest" name="verifyColumnCount" time="4.932"/>
  <testcase classname="Tests.TableTest" name="verifyRowCount" time="5.179"/>
  <testcase classname="Tests.TableTest" name="verifySearchInTable" time="4.758"/>
  <testcase classname="Tests.TableTest" name="verifyCellData" time="6.092"/>
</testsuite> <!-- Tests.TableTest -->
