<?xml version="1.0" encoding="UTF-8"?>
<!-- Generated by org.testng.reporters.JUnitReportReporter -->
<testsuite hostname="Shaurya" failures="0" tests="5" name="Tests.NavigationTest" time="53.256" errors="0" timestamp="2026-06-10T12:05:20 IST" skipped="0">
  <testcase classname="Tests.NavigationTest" name="verifyHomeNavigation" time="9.870"/>
  <testcase classname="Tests.NavigationTest" name="verifyUdemyCoursesNavigation" time="11.452"/>
  <testcase classname="Tests.NavigationTest" name="verifyOnlineTrainingsNavigation" time="11.322"/>
  <testcase classname="Tests.NavigationTest" name="verifyBlogNavigation" time="10.589"/>
  <testcase classname="Tests.NavigationTest" name="verifyPlaywrightPracticeNavigation" time="10.023"/>
</testsuite> <!-- Tests.NavigationTest -->
