<?xml version="1.0" encoding="UTF-8"?>
<!-- Generated by org.testng.reporters.JUnitReportReporter -->
<testsuite hostname="Shaurya" failures="0" tests="5" name="Tests.AlertTest" time="35.421" errors="0" timestamp="2026-06-10T12:05:19 IST" skipped="0">
  <testcase classname="Tests.AlertTest" name="verifySimpleAlert" time="5.591"/>
  <testcase classname="Tests.AlertTest" name="verifyConfirmationAccept" time="5.521"/>
  <testcase classname="Tests.AlertTest" name="verifyConfirmationDismiss" time="6.508"/>
  <testcase classname="Tests.AlertTest" name="verifyPromptAlert" time="5.099"/>
  <testcase classname="Tests.AlertTest" name="verifyPopupWindow" time="12.702"/>
</testsuite> <!-- Tests.AlertTest -->
