<?xml version="1.0" encoding="UTF-8"?>
<!-- Generated by org.testng.reporters.JUnitReportReporter -->
<testsuite hostname="Shaurya" failures="0" tests="3" name="Tests.MouseActionTest" time="19.200" errors="0" timestamp="2026-06-06T20:15:02 IST" skipped="0">
  <testcase classname="Tests.MouseActionTest" name="testMouseHoverMobiles" time="6.962"/>
  <testcase classname="Tests.MouseActionTest" name="testMouseHoverLaptops" time="7.271"/>
  <testcase classname="Tests.MouseActionTest" name="testDoubleClickCopyText" time="4.967"/>
</testsuite> <!-- Tests.MouseActionTest -->
