<?xml version="1.0" encoding="UTF-8"?>
<testng-results ignored="0" total="3" passed="3" failed="0" skipped="0">
  <reporter-output>
  </reporter-output>
  <suite started-at="2026-05-23T13:26:16 IST" name="Default suite" finished-at="2026-05-23T13:26:17 IST" duration-ms="70">
    <groups>
    </groups>
    <test started-at="2026-05-23T13:26:16 IST" name="Default test" finished-at="2026-05-23T13:26:17 IST" duration-ms="70">
      <class name="SeleniumDDTDay25.MultipleUserLogin">
        <test-method signature="loginTest(java.lang.String,java.lang.String)[pri:0, instance:SeleniumDDTDay25.MultipleUserLogin@313ac989]" started-at="2026-05-23T13:26:17 IST" name="loginTest" data-provider="loginData" finished-at="2026-05-23T13:26:17 IST" duration-ms="12" status="PASS">
          <params>
            <param index="0">
              <value>
                <![CDATA[admin]]>
              </value>
            </param>
            <param index="1">
              <value>
                <![CDATA[admin123]]>
              </value>
            </param>
          </params>
          <reporter-output>
          </reporter-output>
        </test-method> <!-- loginTest -->
        <test-method signature="loginTest(java.lang.String,java.lang.String)[pri:0, instance:SeleniumDDTDay25.MultipleUserLogin@313ac989]" started-at="2026-05-23T13:26:17 IST" name="loginTest" data-provider="loginData" finished-at="2026-05-23T13:26:17 IST" duration-ms="0" status="PASS">
          <params>
            <param index="0">
              <value>
                <![CDATA[user]]>
              </value>
            </param>
            <param index="1">
              <value>
                <![CDATA[user123]]>
              </value>
            </param>
          </params>
          <reporter-output>
          </reporter-output>
        </test-method> <!-- loginTest -->
        <test-method signature="loginTest(java.lang.String,java.lang.String)[pri:0, instance:SeleniumDDTDay25.MultipleUserLogin@313ac989]" started-at="2026-05-23T13:26:17 IST" name="loginTest" data-provider="loginData" finished-at="2026-05-23T13:26:17 IST" duration-ms="2" status="PASS">
          <params>
            <param index="0">
              <value>
                <![CDATA[test]]>
              </value>
            </param>
            <param index="1">
              <value>
                <![CDATA[test123]]>
              </value>
            </param>
          </params>
          <reporter-output>
          </reporter-output>
        </test-method> <!-- loginTest -->
      </class> <!-- SeleniumDDTDay25.MultipleUserLogin -->
    </test> <!-- Default test -->
  </suite> <!-- Default suite -->
</testng-results>
