<?xml version="1.0" encoding="UTF-8"?>
<!-- Generated by org.testng.reporters.JUnitXMLReporter -->
<testsuite ignored="0" hostname="Shaurya" failures="0" tests="33" name="RegressionTests" time="406.653" errors="0" timestamp="2026-06-10T12:05:19 IST">
  <testcase classname="Tests.AlertTest" name="verifySimpleAlert" time="0.165"/>
  <testcase classname="Tests.AlertTest" name="verifyConfirmationAccept" time="0.165"/>
  <testcase classname="Tests.AlertTest" name="verifyConfirmationDismiss" time="0.147"/>
  <testcase classname="Tests.AlertTest" name="verifyPromptAlert" time="0.201"/>
  <testcase classname="Tests.AlertTest" name="verifyPopupWindow" time="1.483"/>
  <testcase classname="Tests.DatePickerTest" name="testAllDatePickers" time="0.863"/>
  <testcase classname="Tests.DoubleClickTest" name="testDoubleClickCopyText" time="0.274"/>
  <testcase classname="Tests.DownloadFilesTest" name="automateDownloadFiles" time="16.647"/>
  <testcase classname="Tests.DragDropTest" name="testDragAndDrop" time="0.347"/>
  <testcase classname="Tests.DropDownTest" name="verifyDropDown" time="23.716"/>
  <testcase classname="Tests.DynamicButtonTest" name="verifyStartStopStartButton" time="4.314"/>
  <testcase classname="Tests.FooterTest" name="testFooterLinks" time="28.313"/>
  <testcase classname="Tests.FormTest" name="testForm" time="7.171"/>
  <testcase classname="Tests.HiddenAjaxTest" name="automateHiddenAjax" time="8.896"/>
  <testcase classname="Tests.LabelsAndLinksTest" name="verifyLabelsAndLinks" time="85.314"/>
  <testcase classname="Tests.MouseHoverTest" name="verifyMouseHover1" time="0.421"/>
  <testcase classname="Tests.MouseHoverTest" name="verifyMouseHover2" time="0.408"/>
  <testcase classname="Tests.NavigationTest" name="verifyHomeNavigation" time="5.324"/>
  <testcase classname="Tests.NavigationTest" name="verifyUdemyCoursesNavigation" time="6.358"/>
  <testcase classname="Tests.NavigationTest" name="verifyOnlineTrainingsNavigation" time="6.342"/>
  <testcase classname="Tests.NavigationTest" name="verifyBlogNavigation" time="5.717"/>
  <testcase classname="Tests.NavigationTest" name="verifyPlaywrightPracticeNavigation" time="5.058"/>
  <testcase classname="Tests.PaginationWebTableTest" name="verifyPaginationWebTable" time="11.003"/>
  <testcase classname="Tests.ShadowDomTest" name="verifyShadowDomElements" time="0.512"/>
  <testcase classname="Tests.SliderTest" name="verifySliderMovement" time="2.431"/>
  <testcase classname="Tests.SvgTest" name="verifySVGElements" time="3.071"/>
  <testcase classname="Tests.TableTest" name="verifyCellData" time="0.028"/>
  <testcase classname="Tests.TableTest" name="verifyColumnCount" time="0.019"/>
  <testcase classname="Tests.TableTest" name="verifyRowCount" time="0.016"/>
  <testcase classname="Tests.TableTest" name="verifySearchInTable" time="0.049"/>
  <testcase classname="Tests.TabsTest" name="verifyWikipediaSearch" time="3.241"/>
  <testcase classname="Tests.UploadTest" name="verifySingleFileUpload" time="0.205"/>
  <testcase classname="Tests.UploadTest" name="verifyMultipleFileUpload" time="0.191"/>
</testsuite> <!-- RegressionTests -->
