<?xml version="1.0" encoding="UTF-8"?>
<!-- Generated by org.testng.reporters.JUnitXMLReporter -->
<testsuite ignored="16" hostname="Mukhila" failures="0" tests="11" name="REST API Tests" time="8.8" errors="0" timestamp="2026-05-28T12:43:28 IST">
  <testcase classname="Day_28.GetUsersTest" name="getUsers" time="2.103"/>
  <testcase classname="Day_28.LoginUserTest" name="loginUser" time="1.153"/>
  <testcase classname="Day_28.GetAuthUserTest" name="getAuthUser" time="1.046"/>
  <testcase classname="Day_28.GetSingleUserTest" name="getSingleUser" time="0.525"/>
  <testcase classname="Day_28.SearchUserTest" name="searchUser" time="0.48"/>
  <testcase classname="Day_28.FilterUserTest" name="filterUser" time="0.734"/>
  <testcase classname="Day_28.LimitSkipUsersTest" name="limitAndSkipUsers" time="0.502"/>
  <testcase classname="Day_28.SortUsersTest" name="sortUsers" time="0.631"/>
  <testcase classname="Day_28.GetPostTagsTest" name="getPostTags" time="0.447"/>
  <testcase classname="Day_28.GetPostsTagListTest" name="getPostsTagList" time="0.601"/>
  <testcase classname="Day_28.GetPostsByTagTest" name="getPostsByTag" time="0.509"/>
  <testcase classname="Day_28.BaseTest" name="@AfterSuite tearDownReport" time="0.0">
    <ignored/>
  </testcase> <!-- @AfterSuite tearDownReport -->
  <testcase classname="Day_28.BaseTest" name="@BeforeSuite setupReport" time="0.0">
    <ignored/>
  </testcase> <!-- @BeforeSuite setupReport -->
  <testcase classname="Day_28.BaseTest" name="@BeforeSuite setupReport" time="0.0">
    <ignored/>
  </testcase> <!-- @BeforeSuite setupReport -->
  <testcase classname="Day_28.BaseTest" name="@AfterSuite tearDownReport" time="0.0">
    <ignored/>
  </testcase> <!-- @AfterSuite tearDownReport -->
  <testcase classname="Day_28.BaseTest" name="@BeforeSuite setupReport" time="0.0">
    <ignored/>
  </testcase> <!-- @BeforeSuite setupReport -->
  <testcase classname="Day_28.BaseTest" name="@BeforeSuite setupReport" time="0.0">
    <ignored/>
  </testcase> <!-- @BeforeSuite setupReport -->
  <testcase classname="Day_28.BaseTest" name="@BeforeSuite setupReport" time="0.0">
    <ignored/>
  </testcase> <!-- @BeforeSuite setupReport -->
  <testcase classname="Day_28.BaseTest" name="@AfterSuite tearDownReport" time="0.0">
    <ignored/>
  </testcase> <!-- @AfterSuite tearDownReport -->
  <testcase classname="Day_28.BaseTest" name="@AfterSuite tearDownReport" time="0.0">
    <ignored/>
  </testcase> <!-- @AfterSuite tearDownReport -->
  <testcase classname="Day_28.BaseTest" name="@BeforeSuite setupReport" time="0.0">
    <ignored/>
  </testcase> <!-- @BeforeSuite setupReport -->
  <testcase classname="Day_28.BaseTest" name="@AfterSuite tearDownReport" time="0.0">
    <ignored/>
  </testcase> <!-- @AfterSuite tearDownReport -->
  <testcase classname="Day_28.BaseTest" name="@BeforeSuite setupReport" time="0.0">
    <ignored/>
  </testcase> <!-- @BeforeSuite setupReport -->
  <testcase classname="Day_28.BaseTest" name="@AfterSuite tearDownReport" time="0.0">
    <ignored/>
  </testcase> <!-- @AfterSuite tearDownReport -->
  <testcase classname="Day_28.BaseTest" name="@AfterSuite tearDownReport" time="0.0">
    <ignored/>
  </testcase> <!-- @AfterSuite tearDownReport -->
  <testcase classname="Day_28.BaseTest" name="@BeforeSuite setupReport" time="0.0">
    <ignored/>
  </testcase> <!-- @BeforeSuite setupReport -->
  <testcase classname="Day_28.BaseTest" name="@AfterSuite tearDownReport" time="0.0">
    <ignored/>
  </testcase> <!-- @AfterSuite tearDownReport -->
</testsuite> <!-- REST API Tests -->
