<?xml version="1.0" encoding="UTF-8"?>
<testng-results ignored="0" total="1" passed="1" failed="0" skipped="0">
  <reporter-output>
  </reporter-output>
  <suite started-at="2026-06-05T14:54:25 IST" name="Default suite" finished-at="2026-06-05T14:54:51 IST" duration-ms="25888">
    <groups>
    </groups>
    <test started-at="2026-06-05T14:54:25 IST" name="Default test" finished-at="2026-06-05T14:54:51 IST" duration-ms="25888">
      <class name="tests.OrangeHRMJsonTest">
        <test-method signature="loginUsingJsonData()[pri:0, instance:tests.OrangeHRMJsonTest@49139829]" started-at="2026-06-05T14:54:25 IST" name="loginUsingJsonData" finished-at="2026-06-05T14:54:51 IST" duration-ms="25850" status="PASS">
          <reporter-output>
          </reporter-output>
        </test-method> <!-- loginUsingJsonData -->
      </class> <!-- tests.OrangeHRMJsonTest -->
    </test> <!-- Default test -->
  </suite> <!-- Default suite -->
</testng-results>
