<?xml version="1.0" encoding="UTF-8"?>
<!-- Generated by org.testng.reporters.JUnitReportReporter -->
<testsuite hostname="Mukhila" failures="0" tests="3" name="SeleniumDDTDay25.MultipleUserLogin" time="0.014" errors="0" timestamp="2026-05-23T13:26:17 IST" skipped="0">
  <testcase classname="SeleniumDDTDay25.MultipleUserLogin" name="loginTest" time="0.002"/>
  <testcase classname="SeleniumDDTDay25.MultipleUserLogin" name="loginTest" time="0.012"/>
  <testcase classname="SeleniumDDTDay25.MultipleUserLogin" name="loginTest" time="0.000"/>
</testsuite> <!-- SeleniumDDTDay25.MultipleUserLogin -->
