<?xml version="1.0" encoding="UTF-8"?>
<!-- Generated by org.testng.reporters.JUnitXMLReporter -->
<testsuite ignored="0" hostname="Mukhila" failures="0" tests="3" name="Default test" time="0.07" errors="0" timestamp="2026-05-23T13:26:17 IST">
  <testcase classname="SeleniumDDTDay25.MultipleUserLogin" name="loginTest" time="0.012"/>
  <testcase classname="SeleniumDDTDay25.MultipleUserLogin" name="loginTest" time="0.0"/>
  <testcase classname="SeleniumDDTDay25.MultipleUserLogin" name="loginTest" time="0.002"/>
</testsuite> <!-- Default test -->
